[LOG] System::create                           : Header version = 1.09.04. Current version = 1.09.04.
[LOG] Manager::init                            : maxchannels = 256 studioflags = 00000006 flags 00000000 extradriverdata 0000000000000000.
[LOG] SystemI::init                            : FMOD Studio Version: 00010904 (86084)
[LOG] SystemI::init                            : maxchannels = 256, flags = 00020000, extradriverdata = 0000000000000000
[LOG] SystemI::setOutputInternal               : Setting output to type 0
[LOG] SystemI::setOutputInternal               : Setting output to type 8
[LOG] SystemI::setOutputInternal               : Setting output to type 8
[LOG] OutputWASAPI::init                       : Mix Format (WAVEFORMATEX): wFormatTag=0xFFFE, nChannels=2, nSamplesPerSec=44100, nAvgBytesPerSec=352800, nBlockAlign=8, wBitsPerSample=32, cbSize=22.
[LOG] OutputWASAPI::init                       : Mix Format (WAVEFORMATEXTENSIBLE): wValidBitsPerSample=32, dwChannelMask=0x00000003, SubFormat=00000003-0000-0010-8000-00AA00389B71.
[LOG] OutputWASAPI::init                       : Output buffer size: 3760 samples, latency: 0.00ms, period: 10.16ms, DSP buffer: 1024 * 4
[WRN] SystemI::init                            : Output requires a sample rate of 44100Hz, resampling will occur.
[LOG] SystemI::init                            : Create master channel group and master sound group.
[LOG] SystemI::init                            : Set up emulated output.  256 channels
[LOG] SystemI::init                            : create the channel pool
[LOG] SystemI::init                            : create the stream thread
[LOG] Thread::initThread                       : Init FMOD stream thread. Priority: 2, Stack Size: 65536, Semaphore: No, Sleep Time: 10, Looping: Yes.
[LOG] Thread::initThread                       : Init FMOD mixer thread. Priority: 3, Stack Size: 49152, Semaphore: No, Sleep Time: 0, Looping: Yes.
[LOG] AsyncManager::init                       : manager 00000000922BBAD8 isAsync 0 updatePeriod 0.02
[LOG] AsyncManager::init                       : done
[LOG] PlaybackSystem::init                     : 
[LOG] Thread::initThread                       : Init FMOD Studio sample load thread. Priority: 0, Stack Size: 65536, Semaphore: No, Sleep Time: 1, Looping: No.
[LOG] PlaybackSystem::init                     : done
[LOG] Thread::initThread                       : Init FMOD Studio bank load thread. Priority: 0, Stack Size: 65536, Semaphore: No, Sleep Time: 1, Looping: No.
[LOG] Manager::init                            : done.
[LOG] Manager::readBank                        : fileversion = 88, compatVersion = 86 (oldest = 44, newest = 88)
[LOG] Manager::readBank                        : fileversion = 88, compatVersion = 86 (oldest = 44, newest = 88)
[LOG] Manager::readBank                        : fileversion = 88, compatVersion = 86 (oldest = 44, newest = 88)
[LOG] Manager::readBank                        : fileversion = 88, compatVersion = 86 (oldest = 44, newest = 88)
[LOG] Manager::readBank                        : fileversion = 88, compatVersion = 86 (oldest = 44, newest = 88)
[LOG] SystemI::createSound                     : filename = D:\Mathijs\Downloads\FMOD\FMOD\GJ - Snoozle Pooz\Build\Desktop/Master Bank.bank : mode 02012082
[LOG] SystemI::createSound                     : FMOD_NONBLOCKING specified.  Putting into queue to be opened asynchronously!
[LOG] SystemI::createSound                     : setdata soundi = 0000000011B461F8 : node = 000000003EF900F0
[LOG] SystemI::createSound                     : add node to async list : head = 0000000092261F98.  list count = 0
[LOG] AsyncThread::threadFunc                  : Starting Asynchronous operation on sound 0000000011B461F8
[LOG] SystemI::createSoundInternal             :     filename = D:\Mathijs\Downloads\FMOD\FMOD\GJ - Snoozle Pooz\Build\Desktop/Master Bank.bank : mode 02012082
[LOG] SystemI::createSoundInternal             :     exinfo->cbsize             = 232
[LOG] SystemI::createSoundInternal             :     exinfo->length             = 3110272
[LOG] SystemI::createSoundInternal             :     exinfo->fileoffset         = 80512
[LOG] SystemI::createSoundInternal             :     exinfo->numsubsounds       = 1
[LOG] SystemI::createSoundInternal             :     exinfo->inclusionlist      = 000000003EF90208
[LOG] SystemI::createSoundInternal             :     exinfo->inclusionlistnum   = 1
[LOG] SystemI::createSoundInternal             :     exinfo->suggestedsoundtype = 5
[LOG] SystemI::createSoundInternal             :     Format has 1 subsounds.
[LOG] SystemI::createSoundInternal             :     Create as FMOD_CREATESTREAM
[LOG] System::createSoundInternal              :     decode buffersize = 19200 : blocksize = 256 : format = 2
[LOG] SystemI::createSample                    :     mode 02012082 length 19200 samples, lengthbytes 307232
[LOG] SystemI::createSample                    :     channels = 2
[LOG] SystemI::createSample                    :     output = 0000000049189878
[LOG] OutputSoftware::createSample             :     lengthpcm 19200, lengthbytes 307232, channels 2, format 2, freq 48000, mode 0201208a
[LOG] System::createSoundInternal              :     1 subsounds detected.
[LOG] System::createSoundInternal              :     Seek stream to start
[LOG] System::createSoundInternal              :     switch file handle from small blocking single buffered to large nonblocking doublebuffered.
[LOG] SystemI::createSoundInternal             :     done.  OpenState now = FMOD_OPENSTATE_READY.

[LOG] AsyncThread::threadFunc                  : Finished Asynchronous operation on sound 0000000011B461F8
[LOG] SoundI::getSubSound                      : sound 0000000011B461F8.  Subsound index 0 / 1
[LOG] SoundI::getSubSound                      : starting non blocking seek and setting sound to not ready state
[LOG] SoundI::getSubSound                      : finished preparing nonblocking getSubSound seek
[LOG] AsyncThread::threadFunc                  : Starting Asynchronous operation on sound 000000003E1198B8
[LOG] AsyncThread::threadFunc                  :     done setposition
[LOG] AsyncThread::threadFunc                  :     done flush
[LOG] AsyncThread::threadFunc                  : Finished Asynchronous operation on sound 000000003E1198B8
[LOG] AsyncThread::threadFunc                  : Starting Asynchronous operation on sound 000000003E1198B8
[LOG] AsyncThread::threadFunc                  : Finished Asynchronous operation on sound 000000003E1198B8
[LOG] AsyncThread::threadFunc                  : Starting Asynchronous operation on sound 000000003E1198B8
[LOG] AsyncThread::threadFunc                  : Finished Asynchronous operation on sound 000000003E1198B8
[LOG] SoundI::release                          : city_ambience_02 (000000003E1191F8)
[LOG] SoundI::release                          : remove stream samples. (000000003E1191F8)
[LOG] SoundI::release                          :     city_ambience_02 (0000000091DE6C48)
[LOG] SoundI::release                          :     done
[LOG] SoundI::release                          : release subsounds. (000000003E1191F8)
[LOG] SoundI::release                          :     city_ambience_02 (000000004913B568)
[LOG] SoundI::release                          :     done
[LOG] SoundI::release                          : release codec. (000000003E1191F8)
[LOG] SoundI::release                          : done
[LOG] Manager::readBank                        : fileversion = 88, compatVersion = 86 (oldest = 44, newest = 88)
[LOG] Manager::readBank                        : fileversion = 88, compatVersion = 86 (oldest = 44, newest = 88)
[LOG] SoundI::release                          :  (0000000092962538)
[LOG] SoundI::release                          : release subsounds. (0000000092962538)
[LOG] SoundI::release                          :     footsteps_concrete_01 (000000003E726D68)
[LOG] SoundI::release                          :     done
[LOG] SoundI::release                          : release codec. (0000000092962538)
[LOG] SoundI::release                          : done
[LOG] SoundI::release                          :  (0000000092962258)
[LOG] SoundI::release                          : release subsounds. (0000000092962258)
[LOG] SoundI::release                          :     footsteps_concrete_02 (0000000016691208)
[LOG] SoundI::release                          :     done
[LOG] SoundI::release                          : release codec. (0000000092962258)
[LOG] SoundI::release                          : done
[LOG] SoundI::release                          :  (000000004933FBC8)
[LOG] SoundI::release                          : release subsounds. (000000004933FBC8)
[LOG] SoundI::release                          :     footsteps_concrete_03 (0000000048997AC8)
[LOG] SoundI::release                          :     done
[LOG] SoundI::release                          : release codec. (000000004933FBC8)
[LOG] SoundI::release                          : done
[LOG] SoundI::release                          :  (0000000049340FE8)
[LOG] SoundI::release                          : release subsounds. (0000000049340FE8)
[LOG] SoundI::release                          :     footsteps_concrete_04 (0000000048998148)
[LOG] SoundI::release                          :     done
[LOG] SoundI::release                          : release codec. (0000000049340FE8)
[LOG] SoundI::release                          : done
[LOG] SoundI::release                          :  (00000000929619B8)
[LOG] SoundI::release                          : release subsounds. (00000000929619B8)
[LOG] SoundI::release                          :     footsteps_concrete_05 (0000000016691548)
[LOG] SoundI::release                          :     done
[LOG] SoundI::release                          : release codec. (00000000929619B8)
[LOG] SoundI::release                          : done
[LOG] SoundI::release                          :  (000000004918DE18)
[LOG] SoundI::release                          : release subsounds. (000000004918DE18)
[LOG] SoundI::release                          :     footsteps_concrete_06 (00000000495B3408)
[LOG] SoundI::release                          :     done
[LOG] SoundI::release                          : release codec. (000000004918DE18)
[LOG] SoundI::release                          : done
[LOG] SoundI::release                          :  (00000000929616D8)
[LOG] SoundI::release                          : release subsounds. (00000000929616D8)
[LOG] SoundI::release                          :     footsteps_concrete_07 (000000003E7278C8)
[LOG] SoundI::release                          :     done
[LOG] SoundI::release                          : release codec. (00000000929616D8)
[LOG] SoundI::release                          : done
[LOG] SoundI::release                          :  (0000000011B9C148)
[LOG] SoundI::release                          : release subsounds. (0000000011B9C148)
[LOG] SoundI::release                          :     footsteps_concrete_08 (00000000489987C8)
[LOG] SoundI::release                          :     done
[LOG] SoundI::release                          : release codec. (0000000011B9C148)
[LOG] SoundI::release                          : done
[LOG] SoundI::release                          :  (0000000015C88938)
[LOG] SoundI::release                          : release subsounds. (0000000015C88938)
[LOG] SoundI::release                          :     footsteps_concrete_09 (000000003ED53A68)
[LOG] SoundI::release                          :     done
[LOG] SoundI::release                          : release codec. (0000000015C88938)
[LOG] SoundI::release                          : done
[LOG] SoundI::release                          :  (00000000929ECCE8)
[LOG] SoundI::release                          : release subsounds. (00000000929ECCE8)
[LOG] SoundI::release                          :     footsteps_concrete_10 (00000000492C9218)
[LOG] SoundI::release                          :     done
[LOG] SoundI::release                          : release codec. (00000000929ECCE8)
[LOG] SoundI::release                          : done
[LOG] SoundI::release                          :  (0000000049340D08)
[LOG] SoundI::release                          : release subsounds. (0000000049340D08)
[LOG] SoundI::release                          :     footsteps_concrete_11 (0000000048998E48)
[LOG] SoundI::release                          :     done
[LOG] SoundI::release                          : release codec. (0000000049340D08)
[LOG] SoundI::release                          : done
[LOG] SoundI::release                          :  (0000000015C88EF8)
[LOG] SoundI::release                          : release subsounds. (0000000015C88EF8)
[LOG] SoundI::release                          :     footsteps_concrete_12 (0000000091DE7468)
[LOG] SoundI::release                          :     done
[LOG] SoundI::release                          : release codec. (0000000015C88EF8)
[LOG] SoundI::release                          : done
[LOG] SoundI::release                          :  (00000000929EB478)
[LOG] SoundI::release                          : release subsounds. (00000000929EB478)
[LOG] SoundI::release                          :     footsteps_concrete_scuffle_03 (00000000492C9078)
[LOG] SoundI::release                          :     done
[LOG] SoundI::release                          : release codec. (00000000929EB478)
[LOG] SoundI::release                          : done
[LOG] SoundI::release                          :  (0000000091DCA998)
[LOG] SoundI::release                          : release subsounds. (0000000091DCA998)
[LOG] SoundI::release                          :     footsteps_concrete_scuffle_01 (00000000166916E8)
[LOG] SoundI::release                          :     done
[LOG] SoundI::release                          : release codec. (0000000091DCA998)
[LOG] SoundI::release                          : done
[LOG] SoundI::release                          :  (00000000929EB308)
[LOG] SoundI::release                          : release subsounds. (00000000929EB308)
[LOG] SoundI::release                          :     footsteps_concrete_scuffle_02 (00000000492C9BD8)
[LOG] SoundI::release                          :     done
[LOG] SoundI::release                          : release codec. (00000000929EB308)
[LOG] SoundI::release                          : done
[LOG] SoundI::release                          :  (0000000015C87688)
[LOG] SoundI::release                          : release subsounds. (0000000015C87688)
[LOG] SoundI::release                          :     cat_jump_01 (0000000016AC6278)
[LOG] SoundI::release                          :     done
[LOG] SoundI::release                          : release codec. (0000000015C87688)
[LOG] SoundI::release                          : done
[LOG] SoundI::release                          :  (0000000092962988)
[LOG] SoundI::release                          : release subsounds. (0000000092962988)
[LOG] SoundI::release                          :     cat_jump_02 (000000003E726A28)
[LOG] SoundI::release                          :     done
[LOG] SoundI::release                          : release codec. (0000000092962988)
[LOG] SoundI::release                          : done
[LOG] SoundI::release                          :  (0000000091DCB238)
[LOG] SoundI::release                          : release subsounds. (0000000091DCB238)
[LOG] SoundI::release                          :     cat_jump_03 (000000001668FB48)
[LOG] SoundI::release                          :     done
[LOG] SoundI::release                          : release codec. (0000000091DCB238)
[LOG] SoundI::release                          : done
[LOG] SoundI::release                          :  (0000000011B9C598)
[LOG] SoundI::release                          : release subsounds. (0000000011B9C598)
[LOG] SoundI::release                          :     cat_jump_04 (0000000048997FA8)
[LOG] SoundI::release                          :     done
[LOG] SoundI::release                          : release codec. (0000000011B9C598)
[LOG] SoundI::release                          : done
[LOG] SoundI::release                          :  (000000004918D128)
[LOG] SoundI::release                          : release subsounds. (000000004918D128)
[LOG] SoundI::release                          :     cat_walk_08 (00000000495B38E8)
[LOG] SoundI::release                          :     done
[LOG] SoundI::release                          : release codec. (000000004918D128)
[LOG] SoundI::release                          : done
[LOG] SoundI::release                          :  (0000000091DCB518)
[LOG] SoundI::release                          : release subsounds. (0000000091DCB518)
[LOG] SoundI::release                          :     cat_walk_05 (0000000016690D28)
[LOG] SoundI::release                          :     done
[LOG] SoundI::release                          : release codec. (0000000091DCB518)
[LOG] SoundI::release                          : done
[LOG] SoundI::release                          :  (0000000015C8A318)
[LOG] SoundI::release                          : release subsounds. (0000000015C8A318)
[LOG] SoundI::release                          :     cat_walk_15 (0000000016AC5F38)
[LOG] SoundI::release                          :     done
[LOG] SoundI::release                          : release codec. (0000000015C8A318)
[LOG] SoundI::release                          : done
[LOG] SoundI::release                          :  (00000000929EC2D8)
[LOG] SoundI::release                          : release subsounds. (00000000929EC2D8)
[LOG] SoundI::release                          :     cat_walk_02 (00000000492C89F8)
[LOG] SoundI::release                          :     done
[LOG] SoundI::release                          : release codec. (00000000929EC2D8)
[LOG] SoundI::release                          : done
[LOG] SoundI::release                          :  (00000000929EB8C8)
[LOG] SoundI::release                          : release subsounds. (00000000929EB8C8)
[LOG] SoundI::release                          :     cat_walk_04 (00000000492C8038)
[LOG] SoundI::release                          :     done
[LOG] SoundI::release                          : release codec. (00000000929EB8C8)
[LOG] SoundI::release                          : done
[LOG] SoundI::release                          :  (0000000091DCAF58)
[LOG] SoundI::release                          : release subsounds. (0000000091DCAF58)
[LOG] SoundI::release                          :     cat_walk_03 (0000000091DE60E8)
[LOG] SoundI::release                          :     done
[LOG] SoundI::release                          : release codec. (0000000091DCAF58)
[LOG] SoundI::release                          : done
[LOG] SoundI::release                          :  (000000004933F778)
[LOG] SoundI::release                          : release subsounds. (000000004933F778)
[LOG] SoundI::release                          :     cat_walk_20 (00000000489972A8)
[LOG] SoundI::release                          :     done
[LOG] SoundI::release                          : release codec. (000000004933F778)
[LOG] SoundI::release                          : done
[LOG] SoundI::release                          :  (000000004933F608)
[LOG] SoundI::release                          : release subsounds. (000000004933F608)
[LOG] SoundI::release                          :     cat_walk_13 (0000000048998CA8)
[LOG] SoundI::release                          :     done
[LOG] SoundI::release                          : release codec. (000000004933F608)
[LOG] SoundI::release                          : done
[LOG] SoundI::release                          :  (0000000091DCB7F8)
[LOG] SoundI::release                          : release subsounds. (0000000091DCB7F8)
[LOG] SoundI::release                          :     cat_walk_09 (0000000091DE6288)
[LOG] SoundI::release                          :     done
[LOG] SoundI::release                          : release codec. (0000000091DCB7F8)
[LOG] SoundI::release                          : done
[LOG] SoundI::release                          :  (0000000015C88AA8)
[LOG] SoundI::release                          : release subsounds. (0000000015C88AA8)
[LOG] SoundI::release                          :     cat_walk_07 (0000000016AC4BB8)
[LOG] SoundI::release                          :     done
[LOG] SoundI::release                          : release codec. (0000000015C88AA8)
[LOG] SoundI::release                          : done
[LOG] SoundI::release                          :  (0000000092962F48)
[LOG] SoundI::release                          : release subsounds. (0000000092962F48)
[LOG] SoundI::release                          :     cat_walk_12 (000000003E726F08)
[LOG] SoundI::release                          :     done
[LOG] SoundI::release                          : release codec. (0000000092962F48)
[LOG] SoundI::release                          : done
[LOG] SoundI::release                          :  (0000000092961848)
[LOG] SoundI::release                          : release subsounds. (0000000092961848)
[LOG] SoundI::release                          :     cat_walk_06 (00000000166913A8)
[LOG] SoundI::release                          :     done
[LOG] SoundI::release                          : release codec. (0000000092961848)
[LOG] SoundI::release                          : done
[LOG] SoundI::release                          :  (000000004918C888)
[LOG] SoundI::release                          : release subsounds. (000000004918C888)
[LOG] SoundI::release                          :     cat_walk_11 (00000000495B2A48)
[LOG] SoundI::release                          :     done
[LOG] SoundI::release                          : release codec. (000000004918C888)
[LOG] SoundI::release                          : done
[LOG] SoundI::release                          :  (000000004918D578)
[LOG] SoundI::release                          : release subsounds. (000000004918D578)
[LOG] SoundI::release                          :     cat_walk_17 (00000000495B6188)
[LOG] SoundI::release                          :     done
[LOG] SoundI::release                          : release codec. (000000004918D578)
[LOG] SoundI::release                          : done
[LOG] SoundI::release                          :  (00000000929EBBA8)
[LOG] SoundI::release                          : release subsounds. (00000000929EBBA8)
[LOG] SoundI::release                          :     cat_walk_14 (0000000048998628)
[LOG] SoundI::release                          :     done
[LOG] SoundI::release                          : release codec. (00000000929EBBA8)
[LOG] SoundI::release                          : done
[LOG] SoundI::release                          :  (0000000015C89BE8)
[LOG] SoundI::release                          : release subsounds. (0000000015C89BE8)
[LOG] SoundI::release                          :     cat_walk_19 (0000000091DE5F48)
[LOG] SoundI::release                          :     done
[LOG] SoundI::release                          : release codec. (0000000015C89BE8)
[LOG] SoundI::release                          : done
[LOG] SoundI::release                          :  (000000004918CB68)
[LOG] SoundI::release                          : release subsounds. (000000004918CB68)
[LOG] SoundI::release                          :     cat_walk_21 (00000000495B2F28)
[LOG] SoundI::release                          :     done
[LOG] SoundI::release                          : release codec. (000000004918CB68)
[LOG] SoundI::release                          : done
[LOG] SoundI::release                          :  (0000000092962C68)
[LOG] SoundI::release                          : release subsounds. (0000000092962C68)
[LOG] SoundI::release                          :     cat_walk_01 (000000003E727728)
[LOG] SoundI::release                          :     done
[LOG] SoundI::release                          : release codec. (0000000092962C68)
[LOG] SoundI::release                          : done
[LOG] SoundI::release                          :  (0000000092961C98)
[LOG] SoundI::release                          : release subsounds. (0000000092961C98)
[LOG] SoundI::release                          :     cat_walk_10 (000000003E7280E8)
[LOG] SoundI::release                          :     done
[LOG] SoundI::release                          : release codec. (0000000092961C98)
[LOG] SoundI::release                          : done
[LOG] SoundI::release                          :  (0000000091DCB3A8)
[LOG] SoundI::release                          : release subsounds. (0000000091DCB3A8)
[LOG] SoundI::release                          :     cat_walk_16 (00000000166901C8)
[LOG] SoundI::release                          :     done
[LOG] SoundI::release                          : release codec. (0000000091DCB3A8)
[LOG] SoundI::release                          : done
[LOG] SoundI::release                          :  (00000000929EC448)
[LOG] SoundI::release                          : release subsounds. (00000000929EC448)
[LOG] SoundI::release                          :     cat_walk_18 (00000000492C9898)
[LOG] SoundI::release                          :     done
[LOG] SoundI::release                          : release codec. (00000000929EC448)
[LOG] SoundI::release                          : done
[LOG] SoundI::release                          :  (00000000929ECA08)
[LOG] SoundI::release                          : release subsounds. (00000000929ECA08)
[LOG] SoundI::release                          :     cat_wood_01 (00000000492C8518)
[LOG] SoundI::release                          :     done
[LOG] SoundI::release                          : release codec. (00000000929ECA08)
[LOG] SoundI::release                          : done
[LOG] SoundI::release                          :  (000000004918CCD8)
[LOG] SoundI::release                          : release subsounds. (000000004918CCD8)
[LOG] SoundI::release                          :     cat_wood_02 (00000000495B7D28)
[LOG] SoundI::release                          :     done
[LOG] SoundI::release                          : release codec. (000000004918CCD8)
[LOG] SoundI::release                          : done
[LOG] SoundI::release                          :  (00000000929EBE88)
[LOG] SoundI::release                          : release subsounds. (00000000929EBE88)
[LOG] SoundI::release                          :     cat_wood_03 (00000000492C9A38)
[LOG] SoundI::release                          :     done
[LOG] SoundI::release                          : release codec. (00000000929EBE88)
[LOG] SoundI::release                          : done
[LOG] SoundI::release                          :  (0000000015C87F28)
[LOG] SoundI::release                          : release subsounds. (0000000015C87F28)
[LOG] SoundI::release                          :     cat_wood_04 (0000000091DE5DA8)
[LOG] SoundI::release                          :     done
[LOG] SoundI::release                          : release codec. (0000000015C87F28)
[LOG] SoundI::release                          : done
[LOG] SoundI::release                          :  (000000004918CE48)
[LOG] SoundI::release                          : release subsounds. (000000004918CE48)
[LOG] SoundI::release                          :     cat_wood_05 (00000000495B8888)
[LOG] SoundI::release                          :     done
[LOG] SoundI::release                          : release codec. (000000004918CE48)
[LOG] SoundI::release                          : done
[LOG] SoundI::release                          :  (000000004918D858)
[LOG] SoundI::release                          : release subsounds. (000000004918D858)
[LOG] SoundI::release                          :     cat_wood_06 (00000000495B8208)
[LOG] SoundI::release                          :     done
[LOG] SoundI::release                          : release codec. (000000004918D858)
[LOG] SoundI::release                          : done
[LOG] SoundI::release                          :  (00000000493412C8)
[LOG] SoundI::release                          : release subsounds. (00000000493412C8)
[LOG] SoundI::release                          :     cat_wood_07 (0000000048997C68)
[LOG] SoundI::release                          :     done
[LOG] SoundI::release                          : release codec. (00000000493412C8)
[LOG] SoundI::release                          : done
[LOG] SoundI::release                          :  (0000000091DCADE8)
[LOG] SoundI::release                          : release subsounds. (0000000091DCADE8)
[LOG] SoundI::release                          :     cat_wood_08 (0000000091DE6DE8)
[LOG] SoundI::release                          :     done
[LOG] SoundI::release                          : release codec. (0000000091DCADE8)
[LOG] SoundI::release                          : done
[LOG] SoundI::release                          :  (000000004918E3D8)
[LOG] SoundI::release                          : release subsounds. (000000004918E3D8)
[LOG] SoundI::release                          :     cat_wood_09 (00000000495B6CE8)
[LOG] SoundI::release                          :     done
[LOG] SoundI::release                          : release codec. (000000004918E3D8)
[LOG] SoundI::release                          : done
[LOG] SoundI::release                          :  (0000000049340E78)
[LOG] SoundI::release                          : release subsounds. (0000000049340E78)
[LOG] SoundI::release                          :     cat_wood_10 (00000000489982E8)
[LOG] SoundI::release                          :     done
[LOG] SoundI::release                          : release codec. (0000000049340E78)
[LOG] SoundI::release                          : done
[LOG] SoundI::release                          :  (000000004933FD38)
[LOG] SoundI::release                          : release subsounds. (000000004933FD38)
[LOG] SoundI::release                          :     cat_wood_11 (000000003E7266E8)
[LOG] SoundI::release                          :     done
[LOG] SoundI::release                          : release codec. (000000004933FD38)
[LOG] SoundI::release                          : done
[LOG] SoundI::release                          :  (00000000494328A8)
[LOG] SoundI::release                          : release subsounds. (00000000494328A8)
[LOG] SoundI::release                          :     cat_wood_12 (00000000495B5E48)
[LOG] SoundI::release                          :     done
[LOG] SoundI::release                          : release codec. (00000000494328A8)
[LOG] SoundI::release                          : done
[LOG] SoundI::release                          :  (000000004918D9C8)
[LOG] SoundI::release                          : release subsounds. (000000004918D9C8)
[LOG] SoundI::release                          :     cat_run_01 (00000000495B52E8)
[LOG] SoundI::release                          :     done
[LOG] SoundI::release                          : release codec. (000000004918D9C8)
[LOG] SoundI::release                          : done
[LOG] SoundI::release                          :  (000000004918E6B8)
[LOG] SoundI::release                          : release subsounds. (000000004918E6B8)
[LOG] SoundI::release                          :     cat_run_02 (00000000495B7B88)
[LOG] SoundI::release                          :     done
[LOG] SoundI::release                          : release codec. (000000004918E6B8)
[LOG] SoundI::release                          : done
[LOG] SoundI::release                          :  (0000000015C89A78)
[LOG] SoundI::release                          : release subsounds. (0000000015C89A78)
[LOG] SoundI::release                          :     cat_run_03 (0000000091DE77A8)
[LOG] SoundI::release                          :     done
[LOG] SoundI::release                          : release codec. (0000000015C89A78)
[LOG] SoundI::release                          : done
[LOG] SoundI::release                          :  (000000004933FA58)
[LOG] SoundI::release                          : release subsounds. (000000004933FA58)
[LOG] SoundI::release                          :     cat_run_04 (0000000048997788)
[LOG] SoundI::release                          :     done
[LOG] SoundI::release                          : release codec. (000000004933FA58)
[LOG] SoundI::release                          : done
[LOG] SoundI::release                          :  (0000000049341438)
[LOG] SoundI::release                          : release subsounds. (0000000049341438)
[LOG] SoundI::release                          :     cat_run_05 (0000000048997928)
[LOG] SoundI::release                          :     done
[LOG] SoundI::release                          : release codec. (0000000049341438)
[LOG] SoundI::release                          : done
[LOG] SoundI::release                          :  (0000000091DC9F88)
[LOG] SoundI::release                          : release subsounds. (0000000091DC9F88)
[LOG] SoundI::release                          :     cat_run_06 (000000001668FCE8)
[LOG] SoundI::release                          :     done
[LOG] SoundI::release                          : release codec. (0000000091DC9F88)
[LOG] SoundI::release                          : done
[LOG] SoundI::release                          :  (0000000091DC9B38)
[LOG] SoundI::release                          : release subsounds. (0000000091DC9B38)
[LOG] SoundI::release                          :     cat_run_07 (0000000091DE6F88)
[LOG] SoundI::release                          :     done
[LOG] SoundI::release                          : release codec. (0000000091DC9B38)
[LOG] SoundI::release                          : done
[LOG] SoundI::release                          :  (00000000929EBFF8)
[LOG] SoundI::release                          : release subsounds. (00000000929EBFF8)
[LOG] SoundI::release                          :     cat_run_08 (00000000492C8D38)
[LOG] SoundI::release                          :     done
[LOG] SoundI::release                          : release codec. (00000000929EBFF8)
[LOG] SoundI::release                          : done
[LOG] SoundI::release                          :  (0000000015C89D58)
[LOG] SoundI::release                          : release subsounds. (0000000015C89D58)
[LOG] SoundI::release                          :     cat_run_09 (0000000091DE6428)
[LOG] SoundI::release                          :     done
[LOG] SoundI::release                          : release codec. (0000000015C89D58)
[LOG] SoundI::release                          : done
[LOG] SoundI::release                          :  (00000000493405D8)
[LOG] SoundI::release                          : release subsounds. (00000000493405D8)
[LOG] SoundI::release                          :     cat_run_10 (000000003E727C08)
[LOG] SoundI::release                          :     done
[LOG] SoundI::release                          : release codec. (00000000493405D8)
[LOG] SoundI::release                          : done
[LOG] SoundI::release                          :  (00000000929EC5B8)
[LOG] SoundI::release                          : release subsounds. (00000000929EC5B8)
[LOG] SoundI::release                          :     cat_run_11 (00000000492C9558)
[LOG] SoundI::release                          :     done
[LOG] SoundI::release                          : release codec. (00000000929EC5B8)
[LOG] SoundI::release                          : done
[LOG] SoundI::release                          :  (00000000929EB198)
[LOG] SoundI::release                          : release subsounds. (00000000929EB198)
[LOG] SoundI::release                          :     cat_run_12 (00000000492C8858)
[LOG] SoundI::release                          :     done
[LOG] SoundI::release                          : release codec. (00000000929EB198)
[LOG] SoundI::release                          : done
[LOG] SoundI::release                          :  (0000000049431E98)
[LOG] SoundI::release                          : release subsounds. (0000000049431E98)
[LOG] SoundI::release                          :     cat_run_13 (00000000495B86E8)
[LOG] SoundI::release                          :     done
[LOG] SoundI::release                          : release codec. (0000000049431E98)
[LOG] SoundI::release                          : done
[LOG] SoundI::release                          :  (00000000929EB5E8)
[LOG] SoundI::release                          : release subsounds. (00000000929EB5E8)
[LOG] SoundI::release                          :     cat_run_14 (00000000492C8B98)
[LOG] SoundI::release                          :     done
[LOG] SoundI::release                          : release codec. (00000000929EB5E8)
[LOG] SoundI::release                          : done
[LOG] SoundI::release                          :  (0000000092962AF8)
[LOG] SoundI::release                          : release subsounds. (0000000092962AF8)
[LOG] SoundI::release                          :     cat_run_15 (0000000016690B88)
[LOG] SoundI::release                          :     done
[LOG] SoundI::release                          : release codec. (0000000092962AF8)
[LOG] SoundI::release                          : done
[LOG] SoundI::release                          :  (00000000929630B8)
[LOG] SoundI::release                          : release subsounds. (00000000929630B8)
[LOG] SoundI::release                          :     cat_run_16 (000000003E726BC8)
[LOG] SoundI::release                          :     done
[LOG] SoundI::release                          : release codec. (00000000929630B8)
[LOG] SoundI::release                          : done
[LOG] SoundI::release                          :  (0000000015C87968)
[LOG] SoundI::release                          : release subsounds. (0000000015C87968)
[LOG] SoundI::release                          :     cat_run_17 (0000000011B55058)
[LOG] SoundI::release                          :     done
[LOG] SoundI::release                          : release codec. (0000000015C87968)
[LOG] SoundI::release                          : done
[LOG] SoundI::release                          :  (00000000929EC168)
[LOG] SoundI::release                          : release subsounds. (00000000929EC168)
[LOG] SoundI::release                          :     cat_dirt_01 (00000000492C8ED8)
[LOG] SoundI::release                          :     done
[LOG] SoundI::release                          : release codec. (00000000929EC168)
[LOG] SoundI::release                          : done
[LOG] SoundI::release                          :  (0000000091DCA828)
[LOG] SoundI::release                          : release subsounds. (0000000091DCA828)
[LOG] SoundI::release                          :     cat_dirt_02 (0000000016690368)
[LOG] SoundI::release                          :     done
[LOG] SoundI::release                          : release codec. (0000000091DCA828)
[LOG] SoundI::release                          : done
[LOG] SoundI::release                          :  (0000000091DCAB08)
[LOG] SoundI::release                          : release subsounds. (0000000091DCAB08)
[LOG] SoundI::release                          :     cat_dirt_03 (00000000166906A8)
[LOG] SoundI::release                          :     done
[LOG] SoundI::release                          : release codec. (0000000091DCAB08)
[LOG] SoundI::release                          : done
[LOG] SoundI::release                          :  (0000000011B9C708)
[LOG] SoundI::release                          : release subsounds. (0000000011B9C708)
[LOG] SoundI::release                          :     cat_dirt_04 (00000000489975E8)
[LOG] SoundI::release                          :     done
[LOG] SoundI::release                          : release codec. (0000000011B9C708)
[LOG] SoundI::release                          : done
[LOG] SoundI::release                          :  (000000004918DCA8)
[LOG] SoundI::release                          : release subsounds. (000000004918DCA8)
[LOG] SoundI::release                          :     cat_dirt_05 (00000000495B8548)
[LOG] SoundI::release                          :     done
[LOG] SoundI::release                          : release codec. (000000004918DCA8)
[LOG] SoundI::release                          : done
[LOG] SoundI::release                          :  (00000000929ECB78)
[LOG] SoundI::release                          : release subsounds. (00000000929ECB78)
[LOG] SoundI::release                          :     cat_dirt_06 (00000000492C93B8)
[LOG] SoundI::release                          :     done
[LOG] SoundI::release                          : release codec. (00000000929ECB78)
[LOG] SoundI::release                          : done
[LOG] SoundI::release                          :  (0000000011B9BE68)
[LOG] SoundI::release                          : release subsounds. (0000000011B9BE68)
[LOG] SoundI::release                          :     cat_dirt_07 (0000000048997E08)
[LOG] SoundI::release                          :     done
[LOG] SoundI::release                          : release codec. (0000000011B9BE68)
[LOG] SoundI::release                          : done
[LOG] SoundI::release                          :  (0000000049341158)
[LOG] SoundI::release                          : release subsounds. (0000000049341158)
[LOG] SoundI::release                          :     cat_dirt_08 (0000000048997448)
[LOG] SoundI::release                          :     done
[LOG] SoundI::release                          : release codec. (0000000049341158)
[LOG] SoundI::release                          : done
[LOG] SoundI::release                          :  (00000000929EBA38)
[LOG] SoundI::release                          : release subsounds. (00000000929EBA38)
[LOG] SoundI::release                          :     cat_dirt_09 (0000000048998488)
[LOG] SoundI::release                          :     done
[LOG] SoundI::release                          : release codec. (00000000929EBA38)
[LOG] SoundI::release                          : done
[LOG] SoundI::release                          :  (000000004918D6E8)
[LOG] SoundI::release                          : release subsounds. (000000004918D6E8)
[LOG] SoundI::release                          :     cat_dirt_10 (00000000495B76A8)
[LOG] SoundI::release                          :     done
[LOG] SoundI::release                          : release codec. (000000004918D6E8)
[LOG] SoundI::release                          : done
[LOG] SoundI::release                          :  (0000000091DCA6B8)
[LOG] SoundI::release                          : release subsounds. (0000000091DCA6B8)
[LOG] SoundI::release                          :     cat_dirt_11 (0000000016690028)
[LOG] SoundI::release                          :     done
[LOG] SoundI::release                          : release codec. (0000000091DCA6B8)
[LOG] SoundI::release                          : done
[LOG] SoundI::release                          :  (0000000049430A78)
[LOG] SoundI::release                          : release subsounds. (0000000049430A78)
[LOG] SoundI::release                          :     cat_dirt_12 (00000000495B2D88)
[LOG] SoundI::release                          :     done
[LOG] SoundI::release                          : release codec. (0000000049430A78)
[LOG] SoundI::release                          : done
[LOG] SoundI::release                          :  (000000004918DF88)
[LOG] SoundI::release                          : release subsounds. (000000004918DF88)
[LOG] SoundI::release                          :     XP_03_01 (00000000495B5B08)
[LOG] SoundI::release                          :     done
[LOG] SoundI::release                          : release codec. (000000004918DF88)
[LOG] SoundI::release                          : done
[LOG] SoundI::release                          :  (0000000049432008)
[LOG] SoundI::release                          : release subsounds. (0000000049432008)
[LOG] SoundI::release                          :     XP_02_01 (00000000495B30C8)
[LOG] SoundI::release                          :     done
[LOG] SoundI::release                          : release codec. (0000000049432008)
[LOG] SoundI::release                          : done
[LOG] SoundI::release                          :  (000000004933FEA8)
[LOG] SoundI::release                          : release subsounds. (000000004933FEA8)
[LOG] SoundI::release                          :     XP_02_02 (000000003E727A68)
[LOG] SoundI::release                          :     done
[LOG] SoundI::release                          : release codec. (000000004933FEA8)
[LOG] SoundI::release                          : done
[LOG] SoundI::release                          :  (00000000929613F8)
[LOG] SoundI::release                          : release subsounds. (00000000929613F8)
[LOG] SoundI::release                          :     XP_01_01 (000000003E728288)
[LOG] SoundI::release                          :     done
[LOG] SoundI::release                          : release codec. (00000000929613F8)
[LOG] SoundI::release                          : done
[LOG] SoundI::release                          : city_ambience_02 (0000000011B461F8)
[LOG] SoundI::release                          : remove stream samples. (0000000011B461F8)
[LOG] SoundI::release                          :     city_ambience_02 (00000000494361D8)
[LOG] SoundI::release                          :     done
[LOG] SoundI::release                          : release subsounds. (0000000011B461F8)
[LOG] SoundI::release                          :     city_ambience_02 (000000003E1198B8)
[LOG] SoundI::release                          :     done
[LOG] SoundI::release                          : release codec. (0000000011B461F8)
[LOG] SoundI::release                          : done
[LOG] SoundI::release                          : catgame_music_01 (000000003E119048)
[LOG] SoundI::release                          : remove stream samples. (000000003E119048)
[LOG] SoundI::release                          :     catgame_music_01 (0000000091DE5C08)
[LOG] SoundI::release                          :     done
[LOG] SoundI::release                          : release subsounds. (000000003E119048)
[LOG] SoundI::release                          :     catgame_music_01 (000000004913BDD8)
[LOG] SoundI::release                          :     done
[LOG] SoundI::release                          : release codec. (000000003E119048)
[LOG] SoundI::release                          : done
[LOG] SoundI::release                          :  (0000000091DCA0F8)
[LOG] SoundI::release                          : release subsounds. (0000000091DCA0F8)
[LOG] SoundI::release                          :     XP_01_02 (000000001668F9A8)
[LOG] SoundI::release                          :     done
[LOG] SoundI::release                          : release codec. (0000000091DCA0F8)
[LOG] SoundI::release                          : done
[LOG] SoundI::release                          :  (00000000929EB028)
[LOG] SoundI::release                          : release subsounds. (00000000929EB028)
[LOG] SoundI::release                          :     man_reaction_01 (00000000492C86B8)
[LOG] SoundI::release                          :     done
[LOG] SoundI::release                          : release codec. (00000000929EB028)
[LOG] SoundI::release                          : done
[LOG] SoundI::release                          :  (0000000015C8A1A8)
[LOG] SoundI::release                          : release subsounds. (0000000015C8A1A8)
[LOG] SoundI::release                          :     man_reaction_02 (0000000011B551F8)
[LOG] SoundI::release                          :     done
[LOG] SoundI::release                          : release codec. (0000000015C8A1A8)
[LOG] SoundI::release                          : done
[LOG] SoundI::release                          :  (0000000015C89908)
[LOG] SoundI::release                          : release subsounds. (0000000015C89908)
[LOG] SoundI::release                          :     man_reaction_03 (0000000016AC4EF8)
[LOG] SoundI::release                          :     done
[LOG] SoundI::release                          : release codec. (0000000015C89908)
[LOG] SoundI::release                          : done
[LOG] SoundI::release                          :  (0000000015C894B8)
[LOG] SoundI::release                          : release subsounds. (0000000015C894B8)
[LOG] SoundI::release                          :     man_sneeze_01 (0000000016AC5D98)
[LOG] SoundI::release                          :     done
[LOG] SoundI::release                          : release codec. (0000000015C894B8)
[LOG] SoundI::release                          : done
[LOG] SoundI::release                          :  (00000000929EC728)
[LOG] SoundI::release                          : release subsounds. (00000000929EC728)
[LOG] SoundI::release                          :     man_sneeze_02 (00000000492C9D78)
[LOG] SoundI::release                          :     done
[LOG] SoundI::release                          : release codec. (00000000929EC728)
[LOG] SoundI::release                          : done
[LOG] SoundI::release                          :  (000000004933F8E8)
[LOG] SoundI::release                          : release subsounds. (000000004933F8E8)
[LOG] SoundI::release                          :     man_sneeze_03 (0000000048998B08)
[LOG] SoundI::release                          :     done
[LOG] SoundI::release                          : release codec. (000000004933F8E8)
[LOG] SoundI::release                          : done
[LOG] SoundI::release                          :  (00000000929EC898)
[LOG] SoundI::release                          : release subsounds. (00000000929EC898)
[LOG] SoundI::release                          :     cat_fur_run_12 (00000000492C8378)
[LOG] SoundI::release                          :     done
[LOG] SoundI::release                          : release codec. (00000000929EC898)
[LOG] SoundI::release                          : done
[LOG] SoundI::release                          :  (000000004918E0F8)
[LOG] SoundI::release                          : release subsounds. (000000004918E0F8)
[LOG] SoundI::release                          :     cat_fur_run_13 (00000000495B42A8)
[LOG] SoundI::release                          :     done
[LOG] SoundI::release                          : release codec. (000000004918E0F8)
[LOG] SoundI::release                          : done
[LOG] SoundI::release                          :  (0000000091DC9E18)
[LOG] SoundI::release                          : release subsounds. (0000000091DC9E18)
[LOG] SoundI::release                          :     cat_fur_run_14 (0000000091DE7128)
[LOG] SoundI::release                          :     done
[LOG] SoundI::release                          : release codec. (0000000091DC9E18)
[LOG] SoundI::release                          : done
[LOG] SoundI::release                          :  (00000000929EBD18)
[LOG] SoundI::release                          : release subsounds. (00000000929EBD18)
[LOG] SoundI::release                          :     cat_fur_run_15 (0000000048998968)
[LOG] SoundI::release                          :     done
[LOG] SoundI::release                          : release codec. (00000000929EBD18)
[LOG] SoundI::release                          : done
[LOG] SoundI::release                          :  (00000000929623C8)
[LOG] SoundI::release                          : release subsounds. (00000000929623C8)
[LOG] SoundI::release                          :     cat_fur_run_16 (000000003E727588)
[LOG] SoundI::release                          :     done
[LOG] SoundI::release                          : release codec. (00000000929623C8)
[LOG] SoundI::release                          : done
[LOG] SoundI::release                          :  (000000004918C9F8)
[LOG] SoundI::release                          : release subsounds. (000000004918C9F8)
[LOG] SoundI::release                          :     cat_fur_run_17 (00000000495B8068)
[LOG] SoundI::release                          :     done
[LOG] SoundI::release                          : release codec. (000000004918C9F8)
[LOG] SoundI::release                          : done
[LOG] SoundI::release                          :  (0000000049430EC8)
[LOG] SoundI::release                          : release subsounds. (0000000049430EC8)
[LOG] SoundI::release                          :     cat_fur_run_18 (00000000495B2228)
[LOG] SoundI::release                          :     done
[LOG] SoundI::release                          : release codec. (0000000049430EC8)
[LOG] SoundI::release                          : done
[LOG] SoundI::release                          :  (000000004918DB38)
[LOG] SoundI::release                          : release subsounds. (000000004918DB38)
[LOG] SoundI::release                          :     cat_fur_run_19 (00000000495B6E88)
[LOG] SoundI::release                          :     done
[LOG] SoundI::release                          : release codec. (000000004918DB38)
[LOG] SoundI::release                          : done
[LOG] SoundI::release                          :  (0000000015C89EC8)
[LOG] SoundI::release                          : release subsounds. (0000000015C89EC8)
[LOG] SoundI::release                          :     cat_fur_run_20 (0000000091DE6AA8)
[LOG] SoundI::release                          :     done
[LOG] SoundI::release                          : release codec. (0000000015C89EC8)
[LOG] SoundI::release                          : done
[LOG] SoundI::release                          :  (00000000929EB758)
[LOG] SoundI::release                          : release subsounds. (00000000929EB758)
[LOG] SoundI::release                          :     cat_fur_run_21 (00000000492C81D8)
[LOG] SoundI::release                          :     done
[LOG] SoundI::release                          : release codec. (00000000929EB758)
[LOG] SoundI::release                          : done
[LOG] SoundI::release                          :  (0000000092961B28)
[LOG] SoundI::release                          : release subsounds. (0000000092961B28)
[LOG] SoundI::release                          :     cat_fur_01 (000000003E727DA8)
[LOG] SoundI::release                          :     done
[LOG] SoundI::release                          : release codec. (0000000092961B28)
[LOG] SoundI::release                          : done
[LOG] SoundI::release                          :  (0000000091DCA548)
[LOG] SoundI::release                          : release subsounds. (0000000091DCA548)
[LOG] SoundI::release                          :     cat_fur_02 (0000000016690508)
[LOG] SoundI::release                          :     done
[LOG] SoundI::release                          : release codec. (0000000091DCA548)
[LOG] SoundI::release                          : done
[LOG] SoundI::release                          :  (0000000092963228)
[LOG] SoundI::release                          : release subsounds. (0000000092963228)
[LOG] SoundI::release                          :     cat_fur_03 (000000003E727248)
[LOG] SoundI::release                          :     done
[LOG] SoundI::release                          : release codec. (0000000092963228)
[LOG] SoundI::release                          : done
[LOG] SoundI::release                          :  (00000000929620E8)
[LOG] SoundI::release                          : release subsounds. (00000000929620E8)
[LOG] SoundI::release                          :     cat_fur_04 (0000000016690EC8)
[LOG] SoundI::release                          :     done
[LOG] SoundI::release                          : release codec. (00000000929620E8)
[LOG] SoundI::release                          : done
[LOG] SoundI::release                          :  (0000000049340468)
[LOG] SoundI::release                          : release subsounds. (0000000049340468)
[LOG] SoundI::release                          :     cat_fur_05 (000000003E7273E8)
[LOG] SoundI::release                          :     done
[LOG] SoundI::release                          : release codec. (0000000049340468)
[LOG] SoundI::release                          : done
[LOG] SoundI::release                          :  (0000000091DC9CA8)
[LOG] SoundI::release                          : release subsounds. (0000000091DC9CA8)
[LOG] SoundI::release                          :     cat_fur_06 (0000000091DE65C8)
[LOG] SoundI::release                          :     done
[LOG] SoundI::release                          : release codec. (0000000091DC9CA8)
[LOG] SoundI::release                          : done
[LOG] SoundI::release                          :  (0000000091DCB0C8)
[LOG] SoundI::release                          : release subsounds. (0000000091DCB0C8)
[LOG] SoundI::release                          :     cat_fur_07 (0000000016690848)
[LOG] SoundI::release                          :     done
[LOG] SoundI::release                          : release codec. (0000000091DCB0C8)
[LOG] SoundI::release                          : done
[LOG] SoundI::release                          :  (000000004918CFB8)
[LOG] SoundI::release                          : release subsounds. (000000004918CFB8)
[LOG] SoundI::release                          :     cat_fur_08 (00000000495B2BE8)
[LOG] SoundI::release                          :     done
[LOG] SoundI::release                          : release codec. (000000004918CFB8)
[LOG] SoundI::release                          : done
[LOG] SoundI::release                          :  (0000000015C887C8)
[LOG] SoundI::release                          : release subsounds. (0000000015C887C8)
[LOG] SoundI::release                          :     cat_fur_09 (000000003ED53248)
[LOG] SoundI::release                          :     done
[LOG] SoundI::release                          : release codec. (0000000015C887C8)
[LOG] SoundI::release                          : done
[LOG] SoundI::release                          :  (0000000015C87DB8)
[LOG] SoundI::release                          : release subsounds. (0000000015C87DB8)
[LOG] SoundI::release                          :     cat_fur_10 (0000000091DE72C8)
[LOG] SoundI::release                          :     done
[LOG] SoundI::release                          : release codec. (0000000015C87DB8)
[LOG] SoundI::release                          : done
[LOG] SoundI::release                          :  (0000000015C873A8)
[LOG] SoundI::release                          : release subsounds. (0000000015C873A8)
[LOG] SoundI::release                          :     cat_fur_11 (0000000016AC5238)
[LOG] SoundI::release                          :     done
[LOG] SoundI::release                          : release codec. (0000000015C873A8)
[LOG] SoundI::release                          : done
[LOG] SoundI::release                          :  (0000000049340A28)
[LOG] SoundI::release                          : release subsounds. (0000000049340A28)
[LOG] SoundI::release                          :     cat_vox_01 (000000003E7270A8)
[LOG] SoundI::release                          :     done
[LOG] SoundI::release                          : release codec. (0000000049340A28)
[LOG] SoundI::release                          : done
[LOG] SoundI::release                          :  (0000000049340B98)
[LOG] SoundI::release                          : release subsounds. (0000000049340B98)
[LOG] SoundI::release                          :     cat_vox_02 (0000000048998FE8)
[LOG] SoundI::release                          :     done
[LOG] SoundI::release                          : release codec. (0000000049340B98)
[LOG] SoundI::release                          : done
[LOG] SoundI::release                          :  (0000000092961568)
[LOG] SoundI::release                          : release subsounds. (0000000092961568)
[LOG] SoundI::release                          :     cat_vox_03 (000000003E726888)
[LOG] SoundI::release                          :     done
[LOG] SoundI::release                          : release codec. (0000000092961568)
[LOG] SoundI::release                          : done
[LOG] SoundI::release                          :  (0000000091DCAC78)
[LOG] SoundI::release                          : release subsounds. (0000000091DCAC78)
[LOG] SoundI::release                          :     cat_vox_04 (0000000016691068)
[LOG] SoundI::release                          :     done
[LOG] SoundI::release                          : release codec. (0000000091DCAC78)
[LOG] SoundI::release                          : done
[LOG] SoundI::release                          :  (0000000091DCA3D8)
[LOG] SoundI::release                          : release subsounds. (0000000091DCA3D8)
[LOG] SoundI::release                          :     cat_vox_05 (000000001668FE88)
[LOG] SoundI::release                          :     done
[LOG] SoundI::release                          : release codec. (0000000091DCA3D8)
[LOG] SoundI::release                          : done
[LOG] SoundI::release                          :  (0000000092962DD8)
[LOG] SoundI::release                          : release subsounds. (0000000092962DD8)
[LOG] SoundI::release                          :     cat_vox_06 (000000003E727F48)
[LOG] SoundI::release                          :     done
[LOG] SoundI::release                          : release codec. (0000000092962DD8)
[LOG] SoundI::release                          : done
[LOG] SoundI::release                          :  (00000000929EAEB8)
[LOG] SoundI::release                          : release subsounds. (00000000929EAEB8)
[LOG] SoundI::release                          :     cat_vox_07 (00000000492C96F8)
[LOG] SoundI::release                          :     done
[LOG] SoundI::release                          : release codec. (00000000929EAEB8)
[LOG] SoundI::release                          : done
[LOG] SoundI::release                          :  (0000000091DCA268)
[LOG] SoundI::release                          : release subsounds. (0000000091DCA268)
[LOG] SoundI::release                          :     cat_vox_08 (00000000166909E8)
[LOG] SoundI::release                          :     done
[LOG] SoundI::release                          : release codec. (0000000091DCA268)
[LOG] SoundI::release                          : done
[LOG] SoundI::release                          :  (000000004918D298)
[LOG] SoundI::release                          : release subsounds. (000000004918D298)
[LOG] SoundI::release                          :     cat_vox_09 (00000000495B7EC8)
[LOG] SoundI::release                          :     done
[LOG] SoundI::release                          : release codec. (000000004918D298)
[LOG] SoundI::release                          : done
[LOG] SoundI::release                          :  (000000004918E548)
[LOG] SoundI::release                          : release subsounds. (000000004918E548)
[LOG] SoundI::release                          :     cat_vox_10 (00000000495B23C8)
[LOG] SoundI::release                          :     done
[LOG] SoundI::release                          : release codec. (000000004918E548)
[LOG] SoundI::release                          : done
[LOG] SoundI::release                          :  (000000004918D408)
[LOG] SoundI::release                          : release subsounds. (000000004918D408)
[LOG] SoundI::release                          :     cat_vox_11 (00000000495B4928)
[LOG] SoundI::release                          :     done
[LOG] SoundI::release                          : release codec. (000000004918D408)
[LOG] SoundI::release                          : done
[LOG] SoundI::release                          :  (0000000092962818)
[LOG] SoundI::release                          : release subsounds. (0000000092962818)
[LOG] SoundI::release                          :     cat_vox_12 (000000003E726548)
[LOG] SoundI::release                          :     done
[LOG] SoundI::release                          : release codec. (0000000092962818)
[LOG] SoundI::release                          : done
[LOG] SoundI::release                          :  (000000004918E268)
[LOG] SoundI::release                          : release subsounds. (000000004918E268)
[LOG] SoundI::release                          :     cat_vox_13 (00000000495B5148)
[LOG] SoundI::release                          :     done
[LOG] SoundI::release                          : release codec. (000000004918E268)
[LOG] SoundI::release                          : done
[LOG] Thread::callback                         : FMOD Studio update thread finished.
[LOG] Thread::callback                         : FMOD Studio bank load thread finished.
[LOG] Profile::disconnectAll                   : Profiler disconnecting all clients
[LOG] Thread::callback                         : FMOD Studio sample load thread finished.
[LOG] LiveUpdate::release                      : 
[LOG] LiveUpdate::reset                        : Reset connection (reason Disconnected)
[LOG] SystemI::close                           : 
[LOG] SystemI::close                           : Stop all sounds
[LOG] Thread::callback                         : FMOD stream thread finished.
[LOG] SystemI::close                           : Stream thread destroyed
[LOG] Thread::callback                         : FMOD mixer thread finished.
[LOG] SystemI::close                           : Free master channel group.
[LOG] SystemI::close                           : Remove 'master' sound group.
[LOG] SystemI::close                           : Free software output.
[LOG] SystemI::close                           : Free emulated output.
[LOG] SystemI::close                           : Free channel pool.
[LOG] SystemI::close                           : done.

[LOG] Manager::readBank                        : fileversion = 88, compatVersion = 86 (oldest = 44, newest = 88)
[LOG] Manager::readBank                        : fileversion = 88, compatVersion = 86 (oldest = 44, newest = 88)
[LOG] Manager::readBank                        : fileversion = 88, compatVersion = 86 (oldest = 44, newest = 88)
[LOG] Manager::readBank                        : fileversion = 88, compatVersion = 86 (oldest = 44, newest = 88)
[LOG] Manager::readBank                        : fileversion = 88, compatVersion = 86 (oldest = 44, newest = 88)
[LOG] Manager::readBank                        : fileversion = 88, compatVersion = 86 (oldest = 44, newest = 88)
[WRN] PluginEffectModel::init                  : Missing DSP plugin 'Oculus Spatializer'
[WRN] RuntimeBankModel::initPluginEffects      : Creating stub DSP plugin model and continuing.
[WRN] PluginEffectModel::init                  : Missing DSP plugin 'Oculus Spatializer'
[WRN] RuntimeBankModel::initPluginEffects      : Creating stub DSP plugin model and continuing.
[WRN] PluginEffectModel::init                  : Missing DSP plugin 'Oculus Spatializer'
[WRN] RuntimeBankModel::initPluginEffects      : Creating stub DSP plugin model and continuing.
[WRN] PluginEffectModel::init                  : Missing DSP plugin 'Oculus Spatializer'
[WRN] RuntimeBankModel::initPluginEffects      : Creating stub DSP plugin model and continuing.
[WRN] PluginEffectModel::init                  : Missing DSP plugin 'Oculus Spatializer'
[WRN] RuntimeBankModel::initPluginEffects      : Creating stub DSP plugin model and continuing.
[WRN] PluginEffectModel::init                  : Missing DSP plugin 'Oculus Spatializer'
[WRN] RuntimeBankModel::initPluginEffects      : Creating stub DSP plugin model and continuing.
[WRN] PluginEffectModel::init                  : Missing DSP plugin 'Oculus Spatializer'
[WRN] RuntimeBankModel::initPluginEffects      : Creating stub DSP plugin model and continuing.
[WRN] PluginEffectModel::init                  : Missing DSP plugin 'Oculus Spatializer'
[WRN] RuntimeBankModel::initPluginEffects      : Creating stub DSP plugin model and continuing.
[WRN] PluginEffectModel::init                  : Missing DSP plugin 'Oculus Spatializer'
[WRN] RuntimeBankModel::initPluginEffects      : Creating stub DSP plugin model and continuing.
[WRN] PluginEffectModel::init                  : Missing DSP plugin 'Oculus Spatializer'
[WRN] RuntimeBankModel::initPluginEffects      : Creating stub DSP plugin model and continuing.
[LOG] PlaybackSystem::acquireMasterBus         : Setting master channel group format to 3
[WRN] ObjectLookup::get                        : Lookup failed for WaveformResourceModel: {00000000-0000-0000-0000-000000000000}
[LOG] Thread::callback                         : FMOD Studio bank load thread finished.
[LOG] Thread::callback                         : FMOD Studio sample load thread finished.
[LOG] LiveUpdate::release                      : 
[LOG] LiveUpdate::reset                        : Reset connection (reason Disconnected)
[LOG] SystemI::close                           : 
[LOG] SystemI::close                           : Stop all sounds
[LOG] Thread::callback                         : FMOD stream thread finished.
[LOG] SystemI::close                           : Stream thread destroyed
[LOG] Thread::callback                         : FMOD mixer thread finished.
[LOG] SystemI::close                           : Free master channel group.
[LOG] SystemI::close                           : Remove 'master' sound group.
[LOG] SystemI::close                           : Free software output.
[LOG] SystemI::close                           : Free emulated output.
[LOG] SystemI::close                           : Free channel pool.
[LOG] SystemI::close                           : done.

[LOG] System::create                           : Header version = 1.09.04. Current version = 1.09.04.
